<?xml version="1.0" encoding="UTF-8"?>
<!-- Generated by org.testng.reporters.JUnitReportReporter -->
<testsuite skipped="0" hostname="LAPTOP-N0G0NBDP" name="seleniumScripts.LoginPage" tests="21" failures="0" timestamp="7 Jan 2021 08:04:14 GMT" time="14.550" errors="0">
  <testcase name="wikipagedata" time="0.905" classname="seleniumScripts.LoginPage"/>
  <testcase name="wikipagedata" time="0.656" classname="seleniumScripts.LoginPage"/>
  <testcase name="wikipagedata" time="0.640" classname="seleniumScripts.LoginPage"/>
  <testcase name="wikipagedata" time="0.784" classname="seleniumScripts.LoginPage"/>
  <testcase name="wikipagedata" time="0.580" classname="seleniumScripts.LoginPage"/>
  <testcase name="wikipagedata" time="0.688" classname="seleniumScripts.LoginPage"/>
  <testcase name="wikipagedata" time="0.635" classname="seleniumScripts.LoginPage"/>
  <testcase name="wikipagedata" time="0.742" classname="seleniumScripts.LoginPage"/>
  <testcase name="wikipagedata" time="0.744" classname="seleniumScripts.LoginPage"/>
  <testcase name="wikipagedata" time="0.745" classname="seleniumScripts.LoginPage"/>
  <testcase name="wikipagedata" time="0.641" classname="seleniumScripts.LoginPage"/>
  <testcase name="wikipagedata" time="0.830" classname="seleniumScripts.LoginPage"/>
  <testcase name="wikipagedata" time="0.635" classname="seleniumScripts.LoginPage"/>
  <testcase name="wikipagedata" time="0.667" classname="seleniumScripts.LoginPage"/>
  <testcase name="wikipagedata" time="0.702" classname="seleniumScripts.LoginPage"/>
  <testcase name="wikipagedata" time="0.653" classname="seleniumScripts.LoginPage"/>
  <testcase name="wikipagedata" time="0.638" classname="seleniumScripts.LoginPage"/>
  <testcase name="wikipagedata" time="0.607" classname="seleniumScripts.LoginPage"/>
  <testcase name="wikipagedata" time="0.681" classname="seleniumScripts.LoginPage"/>
  <testcase name="wikipagedata" time="0.588" classname="seleniumScripts.LoginPage"/>
  <testcase name="wikipagedata" time="0.789" classname="seleniumScripts.LoginPage"/>
</testsuite> <!-- seleniumScripts.LoginPage -->
