<?xml version="1.0" encoding="UTF-8"?>
<!-- Generated by org.testng.reporters.JUnitReportReporter -->
<testsuite skipped="0" hostname="LAPTOP-N0G0NBDP" name="seleniumScripts.HomePage" tests="1" failures="0" timestamp="7 Jan 2021 08:04:14 GMT" time="7.392" errors="0">
  <testcase name="homapge" time="7.392" classname="seleniumScripts.HomePage"/>
</testsuite> <!-- seleniumScripts.HomePage -->
